<?xml version="1.0" encoding="UTF-8"?>
<testsuite xmlns:xsi="http://www.w3.org/2001/XMLSchema-instance" xsi:noNamespaceSchemaLocation="https://maven.apache.org/surefire/maven-surefire-plugin/xsd/surefire-test-report.xsd" name="in.uthraboopathy.tharasworld.TestCreateTask" time="0.058" tests="9" errors="0" skipped="0" failures="1">
  <properties>
    <property name="java.specification.version" value="17"/>
    <property name="sun.cpu.isalist" value="amd64"/>
    <property name="sun.jnu.encoding" value="Cp1252"/>
    <property name="java.class.path" value="C:\software\eclipse ide workspace\tharasworld\target\test-classes;C:\software\eclipse ide workspace\tharasworld\target\classes;C:\Users\UthraBoopathyKannan\.m2\repository\org\junit\jupiter\junit-jupiter-api\5.8.2\junit-jupiter-api-5.8.2.jar;C:\Users\UthraBoopathyKannan\.m2\repository\org\opentest4j\opentest4j\1.2.0\opentest4j-1.2.0.jar;C:\Users\UthraBoopathyKannan\.m2\repository\org\junit\platform\junit-platform-commons\1.8.2\junit-platform-commons-1.8.2.jar;C:\Users\UthraBoopathyKannan\.m2\repository\org\apiguardian\apiguardian-api\1.1.2\apiguardian-api-1.1.2.jar;C:\Users\UthraBoopathyKannan\.m2\repository\mysql\mysql-connector-java\8.0.28\mysql-connector-java-8.0.28.jar;C:\Users\UthraBoopathyKannan\.m2\repository\com\google\protobuf\protobuf-java\3.11.4\protobuf-java-3.11.4.jar;C:\Users\UthraBoopathyKannan\.m2\repository\io\github\cdimascio\java-dotenv\5.2.2\java-dotenv-5.2.2.jar;C:\Users\UthraBoopathyKannan\.m2\repository\org\jetbrains\kotlin\kotlin-stdlib\1.4.0\kotlin-stdlib-1.4.0.jar;C:\Users\UthraBoopathyKannan\.m2\repository\org\jetbrains\kotlin\kotlin-stdlib-common\1.4.0\kotlin-stdlib-common-1.4.0.jar;C:\Users\UthraBoopathyKannan\.m2\repository\org\jetbrains\annotations\13.0\annotations-13.0.jar;"/>
    <property name="java.vm.vendor" value="Eclipse Adoptium"/>
    <property name="sun.arch.data.model" value="64"/>
    <property name="user.variant" value=""/>
    <property name="java.vendor.url" value="https://adoptium.net/"/>
    <property name="user.timezone" value="Asia/Calcutta"/>
    <property name="os.name" value="Windows 10"/>
    <property name="java.vm.specification.version" value="17"/>
    <property name="sun.java.launcher" value="SUN_STANDARD"/>
    <property name="user.country" value="IN"/>
    <property name="sun.boot.library.path" value="C:\software\eclipse\plugins\org.eclipse.justj.openjdk.hotspot.jre.full.win32.x86_64_17.0.6.v20230204-1729\jre\bin"/>
    <property name="sun.java.command" value="C:\Users\UTHRAB~1\AppData\Local\Temp\surefire16028479800661681056\surefirebooter12858877533376868558.jar C:\Users\UthraBoopathyKannan\AppData\Local\Temp\surefire16028479800661681056 2023-07-25T12-08-13_528-jvmRun1 surefire10101507510436018750tmp surefire_02080837157492904219tmp"/>
    <property name="jdk.debug" value="release"/>
    <property name="surefire.test.class.path" value="C:\software\eclipse ide workspace\tharasworld\target\test-classes;C:\software\eclipse ide workspace\tharasworld\target\classes;C:\Users\UthraBoopathyKannan\.m2\repository\org\junit\jupiter\junit-jupiter-api\5.8.2\junit-jupiter-api-5.8.2.jar;C:\Users\UthraBoopathyKannan\.m2\repository\org\opentest4j\opentest4j\1.2.0\opentest4j-1.2.0.jar;C:\Users\UthraBoopathyKannan\.m2\repository\org\junit\platform\junit-platform-commons\1.8.2\junit-platform-commons-1.8.2.jar;C:\Users\UthraBoopathyKannan\.m2\repository\org\apiguardian\apiguardian-api\1.1.2\apiguardian-api-1.1.2.jar;C:\Users\UthraBoopathyKannan\.m2\repository\mysql\mysql-connector-java\8.0.28\mysql-connector-java-8.0.28.jar;C:\Users\UthraBoopathyKannan\.m2\repository\com\google\protobuf\protobuf-java\3.11.4\protobuf-java-3.11.4.jar;C:\Users\UthraBoopathyKannan\.m2\repository\io\github\cdimascio\java-dotenv\5.2.2\java-dotenv-5.2.2.jar;C:\Users\UthraBoopathyKannan\.m2\repository\org\jetbrains\kotlin\kotlin-stdlib\1.4.0\kotlin-stdlib-1.4.0.jar;C:\Users\UthraBoopathyKannan\.m2\repository\org\jetbrains\kotlin\kotlin-stdlib-common\1.4.0\kotlin-stdlib-common-1.4.0.jar;C:\Users\UthraBoopathyKannan\.m2\repository\org\jetbrains\annotations\13.0\annotations-13.0.jar;"/>
    <property name="sun.cpu.endian" value="little"/>
    <property name="user.home" value="C:\Users\UthraBoopathyKannan"/>
    <property name="user.language" value="en"/>
    <property name="java.specification.vendor" value="Oracle Corporation"/>
    <property name="java.version.date" value="2023-01-17"/>
    <property name="java.home" value="C:\software\eclipse\plugins\org.eclipse.justj.openjdk.hotspot.jre.full.win32.x86_64_17.0.6.v20230204-1729\jre"/>
    <property name="file.separator" value="\"/>
    <property name="style.color" value="always"/>
    <property name="basedir" value="C:\software\eclipse ide workspace\tharasworld"/>
    <property name="java.vm.compressedOopsMode" value="32-bit"/>
    <property name="line.separator" value="&#10;"/>
    <property name="java.vm.specification.vendor" value="Oracle Corporation"/>
    <property name="java.specification.name" value="Java Platform API Specification"/>
    <property name="surefire.real.class.path" value="C:\Users\UTHRAB~1\AppData\Local\Temp\surefire16028479800661681056\surefirebooter12858877533376868558.jar"/>
    <property name="user.script" value=""/>
    <property name="sun.management.compiler" value="HotSpot 64-Bit Tiered Compilers"/>
    <property name="java.runtime.version" value="17.0.6+10"/>
    <property name="user.name" value="UthraBoopathyKannan"/>
    <property name="path.separator" value=";"/>
    <property name="os.version" value="10.0"/>
    <property name="java.runtime.name" value="OpenJDK Runtime Environment"/>
    <property name="file.encoding" value="Cp1252"/>
    <property name="java.vm.name" value="OpenJDK 64-Bit Server VM"/>
    <property name="java.vendor.version" value="Temurin-17.0.6+10"/>
    <property name="localRepository" value="C:\Users\UthraBoopathyKannan\.m2\repository"/>
    <property name="java.vendor.url.bug" value="https://github.com/adoptium/adoptium-support/issues"/>
    <property name="java.io.tmpdir" value="C:\Users\UTHRAB~1\AppData\Local\Temp\"/>
    <property name="java.version" value="17.0.6"/>
    <property name="user.dir" value="C:\software\eclipse ide workspace\tharasworld"/>
    <property name="os.arch" value="amd64"/>
    <property name="java.vm.specification.name" value="Java Virtual Machine Specification"/>
    <property name="sun.os.patch.level" value=""/>
    <property name="native.encoding" value="Cp1252"/>
    <property name="java.library.path" value="C:\software\eclipse\plugins\org.eclipse.justj.openjdk.hotspot.jre.full.win32.x86_64_17.0.6.v20230204-1729\jre\bin;C:\WINDOWS\Sun\Java\bin;C:\WINDOWS\system32;C:\WINDOWS;C:/software/eclipse//plugins/org.eclipse.justj.openjdk.hotspot.jre.full.win32.x86_64_17.0.6.v20230204-1729/jre/bin/server;C:/software/eclipse//plugins/org.eclipse.justj.openjdk.hotspot.jre.full.win32.x86_64_17.0.6.v20230204-1729/jre/bin;C:\Program Files\Common Files\Oracle\Java\javapath;C:\WINDOWS\system32;C:\WINDOWS;C:\WINDOWS\System32\Wbem;C:\WINDOWS\System32\WindowsPowerShell\v1.0\;C:\WINDOWS\System32\OpenSSH\;C:\Program Files\nodejs\;C:\Program Files\Git\cmd;C:\Program Files\Java\jdk-17\bin;C:\Program Files\MySQL\MySQL Shell 8.0\bin\;C:\Users\UthraBoopathyKannan\AppData\Local\Microsoft\WindowsApps;C:\Users\UthraBoopathyKannan\AppData\Local\GitHubDesktop\bin;C:\Users\UthraBoopathyKannan\AppData\Local\Programs\Microsoft VS Code\bin;C:\software\eclipse;;."/>
    <property name="java.vm.info" value="mixed mode"/>
    <property name="java.vendor" value="Eclipse Adoptium"/>
    <property name="java.vm.version" value="17.0.6+10"/>
    <property name="sun.io.unicode.encoding" value="UnicodeLittle"/>
    <property name="java.class.version" value="61.0"/>
  </properties>
  <testcase name="in.uthraboopathy.tharasworld.TestCreateTask.testCreateTaskWithTaskDueDateIsPast" classname="in.uthraboopathy.tharasworld.TestCreateTask" time="0.034"/>
  <testcase name="in.uthraboopathy.tharasworld.TestCreateTask.testCreateTaskWithTaskDueDateFormat" classname="in.uthraboopathy.tharasworld.TestCreateTask" time="0"/>
  <testcase name="in.uthraboopathy.tharasworld.TestCreateTask.testCreateTaskWithTaskDueDateInValid" classname="in.uthraboopathy.tharasworld.TestCreateTask" time="0"/>
  <testcase name="in.uthraboopathy.tharasworld.TestCreateTask.testCreateTaskWithTaskDueDateNull" classname="in.uthraboopathy.tharasworld.TestCreateTask" time="0.001"/>
  <testcase name="in.uthraboopathy.tharasworld.TestCreateTask.testCreateTaskWithTaskNameNull" classname="in.uthraboopathy.tharasworld.TestCreateTask" time="0.001"/>
  <testcase name="in.uthraboopathy.tharasworld.TestCreateTask.testCreateTaskWithTaskNameEmpty" classname="in.uthraboopathy.tharasworld.TestCreateTask" time="0.001"/>
  <testcase name="in.uthraboopathy.tharasworld.TestCreateTask.testCreateTaskWithInvalidInput" classname="in.uthraboopathy.tharasworld.TestCreateTask" time="0.001"/>
  <testcase name="in.uthraboopathy.tharasworld.TestCreateTask.testCreateTaskWithValidInput" classname="in.uthraboopathy.tharasworld.TestCreateTask" time="0.014">
    <failure message="Unexpected exception thrown: in.uthraboopathy.tharasworld.exception.ValidationException: Invalid date or invalid date format(dd.mm.yyyy)" type="org.opentest4j.AssertionFailedError">org.opentest4j.AssertionFailedError: Unexpected exception thrown: in.uthraboopathy.tharasworld.exception.ValidationException: Invalid date or invalid date format(dd.mm.yyyy)
	at org.junit.jupiter.api.AssertDoesNotThrow.createAssertionFailedError(AssertDoesNotThrow.java:83)
	at org.junit.jupiter.api.AssertDoesNotThrow.assertDoesNotThrow(AssertDoesNotThrow.java:54)
	at org.junit.jupiter.api.AssertDoesNotThrow.assertDoesNotThrow(AssertDoesNotThrow.java:37)
	at org.junit.jupiter.api.Assertions.assertDoesNotThrow(Assertions.java:3135)
	at in.uthraboopathy.tharasworld.TestCreateTask.testCreateTaskWithValidInput(TestCreateTask.java:30)
Caused by: in.uthraboopathy.tharasworld.exception.ValidationException: Invalid date or invalid date format(dd.mm.yyyy)
	at in.uthraboopathy.tharasworld.service.TaskService.create(TaskService.java:39)
	at in.uthraboopathy.tharasworld.TestCreateTask.lambda$testCreateTaskWithValidInput$0(TestCreateTask.java:31)
	at org.junit.jupiter.api.AssertDoesNotThrow.assertDoesNotThrow(AssertDoesNotThrow.java:50)
	... 16 more
</failure>
  </testcase>
  <testcase name="in.uthraboopathy.tharasworld.TestCreateTask.testCreateTaskWithTaskDueDateEmpty" classname="in.uthraboopathy.tharasworld.TestCreateTask" time="0"/>
</testsuite>